2026-05-07 15:25:17,083 heatmap_gen INFO Loading H5...
2026-05-07 15:25:17,181 heatmap_gen INFO X=(55021, 63), x_vec=(55021, 3)
2026-05-07 15:25:17,181 heatmap_gen INFO 
============================================================
Running BigClusterPipeline delta_t=1
============================================================
2026-05-07 15:25:17,182 SLBHS.clustering.super_cluster_pipeline INFO [BigClusterPipeline] cosine_features=True, k=512, tau=0.9, delta_t=1, min_transitions=0, symmetrize=True
2026-05-07 15:25:17,185 SLBHS.clustering.super_cluster_pipeline INFO [HandLabeler] L=29975  R=25046
2026-05-07 15:25:17,185 SLBHS.clustering.super_cluster_pipeline INFO [Pipeline] HandLabeler: L=29975 R=25046
2026-05-07 15:25:17,185 SLBHS.clustering.super_cluster_pipeline INFO [Pipeline] KMeansClusterer.predict (cosine mode) from /home/ubuntu/.openclaw/workspace-coding/SLBHS/SLBHS/results
2026-05-07 15:25:17,491 SLBHS.clustering.super_cluster_pipeline INFO [Pipeline] KMeansClusterer done: unique_labels=511, k=512
2026-05-07 15:25:17,500 SLBHS.clustering.super_cluster_pipeline INFO [TransitionCounter] delta_t=1, min_transitions=0, C.shape=(512, 512), nnz=15628, max=1239
2026-05-07 15:25:17,500 SLBHS.clustering.super_cluster_pipeline INFO [Pipeline] TransitionCounter: C.shape=(512, 512)
2026-05-07 15:25:17,509 SLBHS.clustering.super_cluster_pipeline INFO [SimilarityMatrix] M_prob row_sum: min=0.000000, max=1.000000
2026-05-07 15:25:17,510 SLBHS.clustering.super_cluster_pipeline INFO [SimilarityMatrix] S.shape=(512, 512), nnz=218057, nan=0
2026-05-07 15:25:17,510 SLBHS.clustering.super_cluster_pipeline INFO [Pipeline] SimilarityMatrix: S.shape=(512, 512)
2026-05-07 15:25:17,517 SLBHS.clustering.super_cluster_pipeline INFO [BigClusterer] tau=0.9, N_clusters=505, tokens=512
2026-05-07 15:25:17,517 SLBHS.clustering.super_cluster_pipeline INFO [Pipeline] BigClusterer: N_clusters=505
2026-05-07 15:25:17,517 SLBHS.clustering.super_cluster_pipeline INFO [SuperClusterPipeline] 完整 pipeline 完成
2026-05-07 15:25:17,518 heatmap_gen INFO   delta_t=1: C.nnz=15628, N_clusters=505
2026-05-07 15:25:17,518 heatmap_gen INFO 
============================================================
Running BigClusterPipeline delta_t=3
============================================================
2026-05-07 15:25:17,519 SLBHS.clustering.super_cluster_pipeline INFO [BigClusterPipeline] cosine_features=True, k=512, tau=0.9, delta_t=3, min_transitions=0, symmetrize=True
2026-05-07 15:25:17,522 SLBHS.clustering.super_cluster_pipeline INFO [HandLabeler] L=29975  R=25046
2026-05-07 15:25:17,523 SLBHS.clustering.super_cluster_pipeline INFO [Pipeline] HandLabeler: L=29975 R=25046
2026-05-07 15:25:17,523 SLBHS.clustering.super_cluster_pipeline INFO [Pipeline] KMeansClusterer.predict (cosine mode) from /home/ubuntu/.openclaw/workspace-coding/SLBHS/SLBHS/results
2026-05-07 15:25:17,762 SLBHS.clustering.super_cluster_pipeline INFO [Pipeline] KMeansClusterer done: unique_labels=511, k=512
2026-05-07 15:25:17,779 SLBHS.clustering.super_cluster_pipeline INFO [TransitionCounter] delta_t=3, min_transitions=0, C.shape=(512, 512), nnz=33199, max=3539
2026-05-07 15:25:17,779 SLBHS.clustering.super_cluster_pipeline INFO [Pipeline] TransitionCounter: C.shape=(512, 512)
2026-05-07 15:25:17,786 SLBHS.clustering.super_cluster_pipeline INFO [SimilarityMatrix] M_prob row_sum: min=0.000000, max=1.000000
2026-05-07 15:25:17,787 SLBHS.clustering.super_cluster_pipeline INFO [SimilarityMatrix] S.shape=(512, 512), nnz=256637, nan=0
2026-05-07 15:25:17,787 SLBHS.clustering.super_cluster_pipeline INFO [Pipeline] SimilarityMatrix: S.shape=(512, 512)
2026-05-07 15:25:17,792 SLBHS.clustering.super_cluster_pipeline INFO [BigClusterer] tau=0.9, N_clusters=502, tokens=512
2026-05-07 15:25:17,792 SLBHS.clustering.super_cluster_pipeline INFO [Pipeline] BigClusterer: N_clusters=502
2026-05-07 15:25:17,792 SLBHS.clustering.super_cluster_pipeline INFO [SuperClusterPipeline] 完整 pipeline 完成
2026-05-07 15:25:17,793 heatmap_gen INFO   delta_t=3: C.nnz=33199, N_clusters=502
2026-05-07 15:25:17,793 heatmap_gen INFO 
============================================================
Running BigClusterPipeline delta_t=5
============================================================
2026-05-07 15:25:17,793 SLBHS.clustering.super_cluster_pipeline INFO [BigClusterPipeline] cosine_features=True, k=512, tau=0.9, delta_t=5, min_transitions=0, symmetrize=True
2026-05-07 15:25:17,795 SLBHS.clustering.super_cluster_pipeline INFO [HandLabeler] L=29975  R=25046
2026-05-07 15:25:17,796 SLBHS.clustering.super_cluster_pipeline INFO [Pipeline] HandLabeler: L=29975 R=25046
2026-05-07 15:25:17,796 SLBHS.clustering.super_cluster_pipeline INFO [Pipeline] KMeansClusterer.predict (cosine mode) from /home/ubuntu/.openclaw/workspace-coding/SLBHS/SLBHS/results
2026-05-07 15:25:18,030 SLBHS.clustering.super_cluster_pipeline INFO [Pipeline] KMeansClusterer done: unique_labels=511, k=512
2026-05-07 15:25:18,058 SLBHS.clustering.super_cluster_pipeline INFO [TransitionCounter] delta_t=5, min_transitions=0, C.shape=(512, 512), nnz=47368, max=5609
2026-05-07 15:25:18,058 SLBHS.clustering.super_cluster_pipeline INFO [Pipeline] TransitionCounter: C.shape=(512, 512)
2026-05-07 15:25:18,064 SLBHS.clustering.super_cluster_pipeline INFO [SimilarityMatrix] M_prob row_sum: min=0.000000, max=1.000000
2026-05-07 15:25:18,065 SLBHS.clustering.super_cluster_pipeline INFO [SimilarityMatrix] S.shape=(512, 512), nnz=259505, nan=0
2026-05-07 15:25:18,065 SLBHS.clustering.super_cluster_pipeline INFO [Pipeline] SimilarityMatrix: S.shape=(512, 512)
2026-05-07 15:25:18,070 SLBHS.clustering.super_cluster_pipeline INFO [BigClusterer] tau=0.9, N_clusters=501, tokens=512
2026-05-07 15:25:18,070 SLBHS.clustering.super_cluster_pipeline INFO [Pipeline] BigClusterer: N_clusters=501
2026-05-07 15:25:18,070 SLBHS.clustering.super_cluster_pipeline INFO [SuperClusterPipeline] 完整 pipeline 完成
2026-05-07 15:25:18,071 heatmap_gen INFO   delta_t=5: C.nnz=47368, N_clusters=501
2026-05-07 15:25:18,451 heatmap_gen INFO   Saved: /home/ubuntu/.openclaw/workspace-coding/SLBHS/SLBHS/results/C_heatmap_dt1.png
2026-05-07 15:25:18,812 heatmap_gen INFO   Saved: /home/ubuntu/.openclaw/workspace-coding/SLBHS/SLBHS/results/C_heatmap_dt3.png
2026-05-07 15:25:19,180 heatmap_gen INFO   Saved: /home/ubuntu/.openclaw/workspace-coding/SLBHS/SLBHS/results/C_heatmap_dt5.png
2026-05-07 15:25:19,613 heatmap_gen INFO   Saved: /home/ubuntu/.openclaw/workspace-coding/SLBHS/SLBHS/results/S_heatmap.png
2026-05-07 15:25:19,997 heatmap_gen INFO   Saved: /home/ubuntu/.openclaw/workspace-coding/SLBHS/SLBHS/results/M_heatmap.png
[KMeansClusterer] Loaded model (k=512, feature_type=cosine) from /home/ubuntu/.openclaw/workspace-coding/SLBHS/SLBHS/results
[KMeansClusterer] Loaded model (k=512, feature_type=cosine) from /home/ubuntu/.openclaw/workspace-coding/SLBHS/SLBHS/results
[KMeansClusterer] Loaded model (k=512, feature_type=cosine) from /home/ubuntu/.openclaw/workspace-coding/SLBHS/SLBHS/results

============================================================
FINAL SUMMARY
============================================================
  delta_t=1: C.nnz=15628, N_clusters=505, S.nan=0, k=512
  delta_t=3: C.nnz=33199, N_clusters=502, S.nan=0, k=512
  delta_t=5: C.nnz=47368, N_clusters=501, S.nan=0, k=512

Heatmaps saved to: /home/ubuntu/.openclaw/workspace-coding/SLBHS/SLBHS/results/
  C_heatmap_dt1.png
  C_heatmap_dt3.png
  C_heatmap_dt5.png
  M_heatmap.png
  S_heatmap.png
  matrices_heatmap.png
